
E/TC:0 0 regulator_get_voltage:175 ldo6 get_voltagex
E/TC:0 0 parse_regulator_fdt_nodes:666 Checking vref_ddr
E/TC:0 0 regulator_get_voltage:175 vref_ddr get_voltagex
E/TC:0 0 parse_regulator_fdt_nodes:666 Checking boost
E/TC:0 0 regulator_get_voltage:175 bst_out get_voltagex
E/TC:0 0 parse_regulator_fdt_nodes:666 Checking pwr_sw2
E/TC:0 0 probe_driver_node:565 Failed to probe st,stpmic1 on node stpmic@33: 0xffff0008
E/TC:0 0 probe_driver_node:543 Probing stm32-tamp on node tamp@5c00a000
E/TC:0 0 probe_driver_node:543 Probing stm32mp1-pwr-regu on node pwr@50001000
E/TC:0 0 regulator_get_voltage:175 vdd get_voltagex
E/TC:0 0 regulator_get_voltage:175 reg11 get_voltagex
E/TC:0 0 regulator_get_voltage:175 reg18 get_voltagex
E/TC:0 0 regulator_get_voltage:175 usb33 get_voltagex
E/TC:0 0 probe_driver_node:543 Probing stm32-tamp on node tamp@5c00a000
E/TC:0 0 print_probe_list:518 |- Driver st,stpmic1 on node stpmic@33 failed
I/TC: Platform stm32mp1: flavor 135F_DK - DT stm32mp135d-odyssey_dev_minimal_dt-mx.dts
I/TC: OP-TEE ST profile: secure_and_system_services
E/TC:0 0 fdt_counter_get:256 No counter device registered for phandle: 6
E/TC:0 0 Panic at core/arch/arm/plat-stm32mp1/drivers/stm32mp1_calib.c:421 <set_cal_counter>
E/TC:0 0 TEE load address @ 0xde000000
E/TC:0 0 Call stack:
E/TC:0 0  0xde004309
E/TC:0 0  0xde024a47
E/TC:0 0  0xde006963
E/TC:0 0  0xde02599d
E/TC:0 0  0xde04cce1
E/TC:0 0  0xde00419f
E/TC:0 0  0xde0001a0

